
/home/runner/work/exp-ode-talors-series-method-iitb/exp-ode-talors-series-method-iitb/experiment/simulation/common_libraries/js/ts_components/collapse_step.js
   1:10  warning  'show_step' is defined but never used                 no-unused-vars
   2:5   warning  '$' is not defined                                    no-undef
   3:9   warning  '$' is not defined                                    no-undef
   6:10  warning  'hide_step' is defined but never used                 no-unused-vars
   7:5   warning  '$' is not defined                                    no-undef
   8:9   warning  '$' is not defined                                    no-undef
  11:10  warning  'get_collapse_btn_text' is defined but never used     no-unused-vars
  20:10  warning  'get_collapse_btn_element' is defined but never used  no-unused-vars
  29:10  warning  'hide_all_steps' is defined but never used            no-unused-vars
  31:9   warning  '$' is not defined                                    no-undef

/home/runner/work/exp-ode-talors-series-method-iitb/exp-ode-talors-series-method-iitb/experiment/simulation/common_libraries/js/ts_components/matrix.js
   27:26  warning  'MathJax' is not defined                                no-undef
   32:7   warning  'Matrix_Without_String' is defined but never used       no-unused-vars
   52:26  warning  'MathJax' is not defined                                no-undef
   56:10  warning  'get_matrix_html' is defined but never used             no-unused-vars
   87:13  warning  'row_html' is assigned a value but never used           no-unused-vars
   99:10  warning  'get_matrix_html_with_title' is defined but never used  no-unused-vars
  131:13  warning  'row_html' is assigned a value but never used           no-unused-vars
  143:10  warning  'convert_2d_to_1d_vector' is defined but never used     no-unused-vars
  156:10  warning  'convert_1d_to_2d_matrix' is defined but never used     no-unused-vars

/home/runner/work/exp-ode-talors-series-method-iitb/exp-ode-talors-series-method-iitb/experiment/simulation/common_libraries/js/ts_components/pannel.js
  8:7  warning  'Pannel' is defined but never used  no-unused-vars

/home/runner/work/exp-ode-talors-series-method-iitb/exp-ode-talors-series-method-iitb/experiment/simulation/common_libraries/js/ts_components/questions.js
   6:17  warning  'op1' is assigned a value but never used      no-unused-vars
   7:17  warning  'op2' is assigned a value but never used      no-unused-vars
   8:17  warning  'op3' is assigned a value but never used      no-unused-vars
   9:17  warning  'op4' is assigned a value but never used      no-unused-vars
  94:7   warning  'Question_Options' is defined but never used  no-unused-vars

/home/runner/work/exp-ode-talors-series-method-iitb/exp-ode-talors-series-method-iitb/experiment/simulation/common_libraries/js/ts_components/tables.js
   19:22  warning  'verify_values' is not defined                                     no-undef
  137:22  warning  'verify_values' is not defined                                     no-undef
  260:7   warning  'Verify_Rows_Cols_6_decimal_places' is defined but never used      no-unused-vars
  311:22  warning  'verify_values' is not defined                                     no-undef
  416:7   warning  'Verify_Rows_Cols_Custom_Fixed_Update1' is defined but never used  no-unused-vars
  468:7   warning  'Show_Table_Custom_Fixed' is defined but never used                no-unused-vars
  506:7   warning  'Verify_Rows_Cols_Strings' is defined but never used               no-unused-vars
  527:22  warning  'verify_values' is not defined                                     no-undef
  663:7   warning  'Display_Table' is defined but never used                          no-unused-vars

/home/runner/work/exp-ode-talors-series-method-iitb/exp-ode-talors-series-method-iitb/experiment/simulation/common_libraries/js/ts_math_library/general_math_functions.js
    1:10  warning  'verify_values' is defined but never used                   no-unused-vars
   17:10  warning  'random1' is defined but never used                         no-unused-vars
   21:10  warning  'std_deviation' is defined but never used                   no-unused-vars
   26:10  warning  'gauss' is defined but never used                           no-unused-vars
   56:10  warning  'hide_panel' is defined but never used                      no-unused-vars
   63:10  warning  'inverse_matrix' is defined but never used                  no-unused-vars
   96:10  warning  'matrix_multiplication' is defined but never used           no-unused-vars
  113:10  warning  'transpose_matrix' is defined but never used                no-unused-vars
  123:10  warning  'matrix_multiplication_8decimal' is defined but never used  no-unused-vars
  140:10  warning  'adjoint_2x2_matrix' is defined but never used              no-unused-vars
  145:10  warning  'find_deteminant' is defined but never used                 no-unused-vars
  174:10  warning  'get_Submatrix' is defined but never used                   no-unused-vars

/home/runner/work/exp-ode-talors-series-method-iitb/exp-ode-talors-series-method-iitb/experiment/simulation/common_libraries/js/ts_math_library/regression.js
   1:10  warning  'regression_linear' is defined but never used            no-unused-vars
  18:10  warning  'regression_linear_1variable' is defined but never used  no-unused-vars
  27:10  warning  'regression_linear_2variable' is defined but never used  no-unused-vars
  52:11  warning  'gauss' is not defined                                   no-undef

/home/runner/work/exp-ode-talors-series-method-iitb/exp-ode-talors-series-method-iitb/experiment/simulation/common_libraries/math.ob.js
  1:745  warning  'b' is already defined  no-redeclare

/home/runner/work/exp-ode-talors-series-method-iitb/exp-ode-talors-series-method-iitb/experiment/simulation/js/activity1.js
   13:24   warning  'MathJax' is not defined                          no-undef
   15:10   warning  'start_act1' is defined but never used            no-unused-vars
   20:5    warning  'a' is not defined                                no-undef
   21:36   warning  'a' is not defined                                no-undef
   22:5    warning  'y0_one_dash' is not defined                      no-undef
   22:20   warning  'a' is not defined                                no-undef
   23:26   warning  'y0_one_dash' is not defined                      no-undef
   24:5    warning  'y0_two_dash' is not defined                      no-undef
   24:19   warning  'a' is not defined                                no-undef
   24:27   warning  'y0' is not defined                               no-undef
   24:32   warning  'y0_one_dash' is not defined                      no-undef
   25:27   warning  'y0_two_dash' is not defined                      no-undef
   26:5    warning  'y0_three_dash' is not defined                    no-undef
   26:25   warning  'y0_one_dash' is not defined                      no-undef
   26:39   warning  'y0_one_dash' is not defined                      no-undef
   26:57   warning  'y0' is not defined                               no-undef
   26:62   warning  'y0_two_dash' is not defined                      no-undef
   27:28   warning  'y0_three_dash' is not defined                    no-undef
   28:5    warning  'y0_four_dash' is not defined                     no-undef
   28:24   warning  'y0_one_dash' is not defined                      no-undef
   28:38   warning  'y0_two_dash' is not defined                      no-undef
   28:56   warning  'y0_one_dash' is not defined                      no-undef
   28:70   warning  'y0_two_dash' is not defined                      no-undef
   28:88   warning  'y0' is not defined                               no-undef
   28:93   warning  'y0_three_dash' is not defined                    no-undef
   29:29   warning  'y0_four_dash' is not defined                     no-undef
   30:5    warning  'y01' is not defined                              no-undef
   30:11   warning  'y0' is not defined                               no-undef
   30:19   warning  'x' is not defined                                no-undef
   30:23   warning  'x0' is not defined                               no-undef
   30:29   warning  'fact' is not defined                             no-undef
   30:40   warning  'y0_one_dash' is not defined                      no-undef
   30:67   warning  'x' is not defined                                no-undef
   30:71   warning  'x0' is not defined                               no-undef
   30:81   warning  'fact' is not defined                             no-undef
   30:92   warning  'y0_two_dash' is not defined                      no-undef
   30:119  warning  'x' is not defined                                no-undef
   30:123  warning  'x0' is not defined                               no-undef
   30:133  warning  'fact' is not defined                             no-undef
   30:144  warning  'y0_three_dash' is not defined                    no-undef
   30:173  warning  'x' is not defined                                no-undef
   30:177  warning  'x0' is not defined                               no-undef
   30:187  warning  'fact' is not defined                             no-undef
   30:198  warning  'y0_four_dash' is not defined                     no-undef
   31:27   warning  'y01' is not defined                              no-undef
   32:20   warning  'get_collapse_btn_text' is not defined            no-undef
   37:41   warning  'a' is not defined                                no-undef
   39:19   warning  'a' is not defined                                no-undef
  117:5    warning  'hide_all_steps' is not defined                   no-undef
  118:5    warning  'show_step' is not defined                        no-undef
  119:24   warning  'MathJax' is not defined                          no-undef
  121:10   warning  'verify_y0_one_dash' is defined but never used    no-unused-vars
  123:10   warning  'verify_values' is not defined                    no-undef
  123:70   warning  'y0_one_dash' is not defined                      no-undef
  138:10   warning  'verify_y0_two_dash' is defined but never used    no-unused-vars
  140:10   warning  'verify_values' is not defined                    no-undef
  140:70   warning  'y0_two_dash' is not defined                      no-undef
  155:10   warning  'verify_y0_three_dash' is defined but never used  no-unused-vars
  157:10   warning  'verify_values' is not defined                    no-undef
  157:72   warning  'y0_three_dash' is not defined                    no-undef
  172:10   warning  'verify_y0_four_dash' is defined but never used   no-unused-vars
  174:10   warning  'verify_values' is not defined                    no-undef
  174:71   warning  'y0_four_dash' is not defined                     no-undef
  189:10   warning  'verify_y_value' is defined but never used        no-unused-vars
  191:10   warning  'verify_values' is not defined                    no-undef
  191:60   warning  'y01' is not defined                              no-undef
  206:10   warning  'exp_complete' is defined but never used          no-unused-vars
  211:10   warning  'calculate_hxy' is defined but never used         no-unused-vars
  214:5    warning  'n_val' is not defined                            no-undef
  215:25   warning  'n_val' is not defined                            no-undef
  217:5    warning  'h' is not defined                                no-undef
  217:10   warning  'xn' is not defined                               no-undef
  217:15   warning  'x1' is not defined                               no-undef
  217:21   warning  'n_val' is not defined                            no-undef
  218:5    warning  'h_val' is not defined                            no-undef
  218:24   warning  'h' is not defined                                no-undef
  219:24   warning  'h_val' is not defined                            no-undef
  221:5    warning  'x_val' is not defined                            no-undef
  221:16   warning  'x1' is not defined                               no-undef
  222:26   warning  'n_val' is not defined                            no-undef
  223:9    warning  'x_val' is not defined                            no-undef
  223:32   warning  'x_val' is not defined                            no-undef
  223:47   warning  'h_val' is not defined                            no-undef
  225:28   warning  'x_val' is not defined                            no-undef
  227:5    warning  'y_val' is not defined                            no-undef
  227:13   warning  'gety' is not defined                             no-undef
  227:18   warning  'x1' is not defined                               no-undef
  227:22   warning  'xn' is not defined                               no-undef
  227:26   warning  'y1' is not defined                               no-undef
  227:30   warning  'n_val' is not defined                            no-undef
  228:24   warning  'y_val' is not defined                            no-undef
  232:10   warning  'fill_table' is defined but never used            no-unused-vars
  235:5    warning  'tb_data' is not defined                          no-undef
  238:22   warning  'n_val' is not defined                            no-undef
  239:24   warning  'x_val' is not defined                            no-undef
  240:9    warning  'tb_data' is not defined                          no-undef
  240:25   warning  'y_val' is not defined                            no-undef
  243:5    warning  'y15' is not defined                              no-undef
  243:11   warning  'y_val' is not defined                            no-undef
  244:25   warning  'y_val' is not defined                            no-undef
  245:18   warning  'Verify_Table' is not defined                     no-undef
  245:39   warning  'tb_data' is not defined                          no-undef
  245:61   warning  'y_val' is not defined                            no-undef

/home/runner/work/exp-ode-talors-series-method-iitb/exp-ode-talors-series-method-iitb/experiment/simulation/js/data.js
   48:5   warning  'mat_x' is assigned a value but never used          no-unused-vars
   49:5   warning  'mat_x1' is assigned a value but never used         no-unused-vars
   51:10  warning  'verify_values_abs' is defined but never used       no-unused-vars
   64:5   warning  'x0' is assigned a value but never used             no-unused-vars
   65:5   warning  'y0' is assigned a value but never used             no-unused-vars
   66:5   warning  'x' is assigned a value but never used              no-unused-vars
   67:5   warning  'a' is defined but never used                       no-unused-vars
   68:5   warning  'y0_one_dash' is assigned a value but never used    no-unused-vars
   69:5   warning  'y0_two_dash' is assigned a value but never used    no-unused-vars
   70:5   warning  'y0_three_dash' is assigned a value but never used  no-unused-vars
   71:5   warning  'y0_four_dash' is assigned a value but never used   no-unused-vars
   72:5   warning  'y01' is assigned a value but never used            no-unused-vars
   73:5   warning  'tb_data' is assigned a value but never used        no-unused-vars
   74:5   warning  'n_val' is defined but never used                   no-unused-vars
   75:5   warning  'x1' is assigned a value but never used             no-unused-vars
   76:5   warning  'xn' is assigned a value but never used             no-unused-vars
   77:5   warning  'y1' is assigned a value but never used             no-unused-vars
   78:5   warning  'x_val' is assigned a value but never used          no-unused-vars
   79:5   warning  'y_val' is defined but never used                   no-unused-vars
   80:5   warning  'h' is assigned a value but never used              no-unused-vars
   81:5   warning  'h_val' is assigned a value but never used          no-unused-vars
   82:5   warning  'y15' is assigned a value but never used            no-unused-vars
   83:5   warning  'act2_tb_data' is assigned a value but never used   no-unused-vars
   84:5   warning  'act2_n_val' is defined but never used              no-unused-vars
   85:5   warning  'act2_x1' is assigned a value but never used        no-unused-vars
   86:5   warning  'act2_xn' is assigned a value but never used        no-unused-vars
   87:5   warning  'act2_y1' is assigned a value but never used        no-unused-vars
   88:5   warning  'act2_x_val' is assigned a value but never used     no-unused-vars
   89:5   warning  'act2_y_val' is defined but never used              no-unused-vars
   90:5   warning  'act2_h' is assigned a value but never used         no-unused-vars
   91:5   warning  'act2_h_val' is assigned a value but never used     no-unused-vars
   92:5   warning  'act2_y15' is assigned a value but never used       no-unused-vars
   93:5   warning  'act3_tb_data' is assigned a value but never used   no-unused-vars
   94:5   warning  'act3_n_val' is defined but never used              no-unused-vars
   95:5   warning  'act3_x1' is assigned a value but never used        no-unused-vars
   96:5   warning  'act3_xn' is assigned a value but never used        no-unused-vars
   97:5   warning  'act3_y1' is assigned a value but never used        no-unused-vars
   98:5   warning  'act3_x_val' is assigned a value but never used     no-unused-vars
   99:5   warning  'act3_y_val' is defined but never used              no-unused-vars
  100:5   warning  'act3_h' is assigned a value but never used         no-unused-vars
  101:5   warning  'act3_h_val' is assigned a value but never used     no-unused-vars
  102:5   warning  'act3_y15' is assigned a value but never used       no-unused-vars

/home/runner/work/exp-ode-talors-series-method-iitb/exp-ode-talors-series-method-iitb/experiment/simulation/js/screen_size.js
  1:10  warning  'set_screen_size' is defined but never used  no-unused-vars

/home/runner/work/exp-ode-talors-series-method-iitb/exp-ode-talors-series-method-iitb/experiment/simulation/js/talor.js
   1:10  warning  'fact' is defined but never used   no-unused-vars
  11:10  warning  'gety' is defined but never used   no-unused-vars
  28:16  warning  'y' is defined but never used      no-unused-vars
  31:10  warning  'gety2' is defined but never used  no-unused-vars
  51:10  warning  'gety3' is defined but never used  no-unused-vars

✖ 202 problems (0 errors, 202 warnings)

